<?xml version="1.0" encoding="UTF-8"?>
<testsuite name="Fondo de inversion" tests="3" skipped="0" failures="0" errors="0" timestamp="2022-12-20T23:10:41" hostname="DESKTOP-55HG94M" time="0.105">
  <properties/>
  <testcase name="04 - Usuario quiere esar una divisa para el  plazo renta fija #1" classname="Fondo de inversion" time="0.092"/>
  <testcase name="04 - Usuario quiere esar una divisa para el  plazo renta fija #2" classname="Fondo de inversion" time="0.007"/>
  <testcase name="04 - Usuario quiere esar una divisa para el  plazo renta fija #3" classname="Fondo de inversion" time="0.006"/>
  <system-out><![CDATA[
Scenario Outline: 04 - Usuario quiere esar una divisa para el  plazo renta fija ?[90m# src/test/resources/features/FondoInversionDivisa.feature:10?[0m
Iniciar Prueba
  ?[32mGiven ?[0m?[32mun usuario requiere seleccionar la divisa para  su inversion?[0m            ?[90m# stepdefinitions.FondoInversionDivisa.unUsuarioRequiereSeleccionarLaDivisaParaSuInversion()?[0m
  ?[32mWhen ?[0m?[32mabrir una cuenta de fondo de inversion  en ?[0m?[32m?[1m"Pesos"?[0m?[32m divisa?[0m                ?[90m# stepdefinitions.FondoInversionDivisa.abrirUnaCuentaDeFondoDeInversionEnDivisa(java.lang.String)?[0m
  ?[32mThen ?[0m?[32mdivisa seleccionada con  exito?[0m                                           ?[90m# stepdefinitions.FondoInversionDivisa.divisaSeleccionadaConExito()?[0m

Scenario Outline: 04 - Usuario quiere esar una divisa para el  plazo renta fija ?[90m# src/test/resources/features/FondoInversionDivisa.feature:11?[0m
Iniciar Prueba
  ?[32mGiven ?[0m?[32mun usuario requiere seleccionar la divisa para  su inversion?[0m            ?[90m# stepdefinitions.FondoInversionDivisa.unUsuarioRequiereSeleccionarLaDivisaParaSuInversion()?[0m
  ?[32mWhen ?[0m?[32mabrir una cuenta de fondo de inversion  en ?[0m?[32m?[1m"Dollares"?[0m?[32m divisa?[0m             ?[90m# stepdefinitions.FondoInversionDivisa.abrirUnaCuentaDeFondoDeInversionEnDivisa(java.lang.String)?[0m
  ?[32mThen ?[0m?[32mdivisa seleccionada con  exito?[0m                                           ?[90m# stepdefinitions.FondoInversionDivisa.divisaSeleccionadaConExito()?[0m

Scenario Outline: 04 - Usuario quiere esar una divisa para el  plazo renta fija ?[90m# src/test/resources/features/FondoInversionDivisa.feature:12?[0m
Iniciar Prueba
  ?[32mGiven ?[0m?[32mun usuario requiere seleccionar la divisa para  su inversion?[0m            ?[90m# stepdefinitions.FondoInversionDivisa.unUsuarioRequiereSeleccionarLaDivisaParaSuInversion()?[0m
  ?[32mWhen ?[0m?[32mabrir una cuenta de fondo de inversion  en ?[0m?[32m?[1m"Libras"?[0m?[32m divisa?[0m               ?[90m# stepdefinitions.FondoInversionDivisa.abrirUnaCuentaDeFondoDeInversionEnDivisa(java.lang.String)?[0m
  ?[32mThen ?[0m?[32mdivisa seleccionada con  exito?[0m                                           ?[90m# stepdefinitions.FondoInversionDivisa.divisaSeleccionadaConExito()?[0m
]]></system-out>
  <system-err><![CDATA[]]></system-err>
</testsuite>
